<?xml version="1.0" encoding="utf-8"?><testsuites name="pytest tests"><testsuite name="pytest" errors="0" failures="0" skipped="0" tests="66" time="106.503" timestamp="2026-08-30T08:13:19.027568+00:00" hostname="agent-env-49dd5d60-57a5-4309-98e1-c08658e96758"><testcase classname="tests.test_ai_features.TestRewrite" name="test_requires_auth" time="0.159" /><testcase classname="tests.test_deep_analysis_guard" name="test_deep_analysis_malformed_heuristic_no_500[heur0]" time="3.871" /><testcase classname="tests.test_ai_features.TestRewrite" name="test_rewrite_each_factor[hook]" time="8.221" /><testcase classname="tests.test_deep_analysis_guard" name="test_deep_analysis_malformed_heuristic_no_500[heur1]" time="3.575" /><testcase classname="tests.test_deep_analysis_guard" name="test_deep_analysis_malformed_heuristic_no_500[heur2]" time="3.166" /><testcase classname="tests.test_ai_features.TestRewrite" name="test_rewrite_each_factor[emotion]" time="11.798" /><testcase classname="tests.test_deep_analysis_guard" name="test_deep_analysis_malformed_heuristic_no_500[heur3]" time="3.161" /><testcase classname="tests.test_deep_analysis_guard" name="test_deep_analysis_malformed_heuristic_no_500[not-a-dict]" time="3.077" /><testcase classname="tests.test_deep_analysis_guard" name="test_deep_analysis_malformed_heuristic_no_500[None]" time="3.038" /><testcase classname="tests.test_deep_analysis_guard" name="test_deep_analysis_malformed_heuristic_no_500[123]" time="5.624" /><testcase classname="tests.test_ai_features.TestRewrite" name="test_rewrite_each_factor[audience_fit]" time="8.341" /><testcase classname="tests.test_deep_analysis_guard" name="test_deep_analysis_valid_heuristic_is_preserved" time="6.472" /><testcase classname="tests.test_ai_features.TestRewrite" name="test_rewrite_each_factor[shareability]" time="16.298" /><testcase classname="tests.test_deep_analysis_guard" name="test_deep_analysis_requires_auth" time="0.191" /><testcase classname="tests.backend_test.TestAuth" name="test_demo_login" time="0.115" /><testcase classname="tests.backend_test.TestAuth" name="test_me" time="0.096" /><testcase classname="tests.backend_test.TestAuth" name="test_me_no_token" time="0.125" /><testcase classname="tests.backend_test.TestAuth" name="test_me_bad_token" time="0.151" /><testcase classname="tests.backend_test.TestAuth" name="test_demo_login_via_password" time="0.271" /><testcase classname="tests.backend_test.TestAuth" name="test_register_login_flow" time="0.924" /><testcase classname="tests.backend_test.TestAuth" name="test_register_invalid_email" time="0.049" /><testcase classname="tests.backend_test.TestAuth" name="test_bcrypt_hash_format" time="0.618" /><testcase classname="tests.test_ai_fallback" name="test_deep_analysis_fallback" time="0.002" /><testcase classname="tests.test_ai_fallback" name="test_deep_analysis_llm_error_falls_back" time="0.000" /><testcase classname="tests.test_ai_fallback" name="test_rewrite_fallback_lifts_factor[hook]" time="0.001" /><testcase classname="tests.test_ai_fallback" name="test_rewrite_fallback_lifts_factor[emotion]" time="0.000" /><testcase classname="tests.test_ai_fallback" name="test_rewrite_fallback_lifts_factor[audience_fit]" time="0.000" /><testcase classname="tests.test_ai_fallback" name="test_rewrite_fallback_lifts_factor[shareability]" time="0.000" /><testcase classname="tests.test_ai_fallback" name="test_rewrite_fallback_lifts_factor[platform_fit]" time="0.001" /><testcase classname="tests.test_ai_fallback" name="test_rewrite_llm_error_falls_back" time="0.000" /><testcase classname="tests.backend_test.TestAudiences" name="test_seeded_audiences" time="0.057" /><testcase classname="tests.backend_test.TestAudiences" name="test_audience_crud" time="0.306" /><testcase classname="tests.backend_test.TestAudiences" name="test_update_missing_audience_404" time="0.047" /><testcase classname="tests.backend_test.TestAudiences" name="test_delete_missing_audience_404" time="0.053" /><testcase classname="tests.backend_test.TestAudiences" name="test_refresh_suggestions" time="0.049" /><testcase classname="tests.backend_test.TestAudiences" name="test_audiences_requires_auth" time="0.113" /><testcase classname="tests.test_ai_features.TestDeepAnalysis" name="test_requires_auth" time="0.099" /><testcase classname="tests.test_ai_features.TestDeepAnalysis" name="test_deep_analysis_shape" time="4.090" /><testcase classname="tests.test_ai_features.TestDeepAnalysis" name="test_deep_analysis_without_heuristic_computes_it" time="4.453" /><testcase classname="tests.test_ai_features.TestDeepAnalysis" name="test_deep_analysis_empty_body_no_500" time="3.300" /><testcase classname="tests.test_ai_features.TestRewrite" name="test_rewrite_each_factor[platform_fit]" time="10.264" /><testcase classname="tests.test_ai_features.TestDeepAnalysis" name="test_no_mongo_id_leak" time="3.869" /><testcase classname="tests.test_deep_analysis_persist.TestDeepAnalysisPersistence" name="test_post_requires_auth" time="0.379" /><testcase classname="tests.test_deep_analysis_persist.TestDeepAnalysisPersistence" name="test_post_bad_campaign_404" time="0.046" /><testcase classname="tests.test_deep_analysis_persist.TestDeepAnalysisPersistence" name="test_run_and_persist" time="4.651" /><testcase classname="tests.test_ai_features.TestRewrite" name="test_rewrite_rescore_is_deterministic" time="5.898" /><testcase classname="tests.test_deep_analysis_persist.TestDeepAnalysisPersistence" name="test_report_without_deep_analysis_has_none" time="0.218" /><testcase classname="tests.test_deep_analysis_persist.TestDeepAnalysisPersistence" name="test_report_bad_id_404" time="0.096" /><testcase classname="tests.backend_test.TestCampaigns" name="test_campaign_full_loop" time="0.554" /><testcase classname="tests.backend_test.TestCampaigns" name="test_campaign_404s" time="0.259" /><testcase classname="tests.backend_test.TestCampaigns" name="test_seeded_campaigns_exist" time="0.056" /><testcase classname="tests.backend_test.TestCampaigns" name="test_outcome_validation" time="0.147" /><testcase classname="tests.backend_test.TestGenerate" name="test_generate_and_cache" time="0.150" /><testcase classname="tests.backend_test.TestGenerate" name="test_generate_deterministic_score" time="0.101" /><testcase classname="tests.backend_test.TestGenerate" name="test_generate_requires_auth" time="0.093" /><testcase classname="tests.backend_test.TestLeaderboard" name="test_global" time="0.054" /><testcase classname="tests.backend_test.TestLeaderboard" name="test_mine" time="0.050" /><testcase classname="tests.backend_test.TestLeaderboard" name="test_requires_auth" time="0.124" /><testcase classname="tests.backend_test.TestAnalytics" name="test_analytics" time="0.050" /><testcase classname="tests.backend_test.TestAnalytics" name="test_analytics_empty_for_new_user" time="0.325" /><testcase classname="tests.backend_test.TestAnalytics" name="test_requires_auth" time="0.095" /><testcase classname="tests.backend_test.TestHealth" name="test_root" time="0.047" /><testcase classname="tests.backend_test.TestIsolation" name="test_other_user_cannot_read_demo_campaign" time="0.426" /><testcase classname="tests.test_ai_features.TestRewrite" name="test_rewrite_lifts_weak_factor_majority" time="28.317" /><testcase classname="tests.test_ai_features.TestRewrite" name="test_rewrite_unknown_factor_no_500" time="7.562" /><testcase classname="tests.test_ai_features.TestRewrite" name="test_rewrite_empty_payload_no_500" time="9.138" /></testsuite></testsuites>