<?xml version="1.0" encoding="utf-8"?><testsuites name="pytest tests"><testsuite name="pytest" errors="0" failures="0" skipped="0" tests="9" time="32.325" timestamp="2026-08-30T07:55:55.887925+00:00" hostname="agent-env-49dd5d60-57a5-4309-98e1-c08658e96758"><testcase classname="tests.test_deep_analysis_guard" name="test_deep_analysis_malformed_heuristic_no_500[heur0]" time="4.891" /><testcase classname="tests.test_deep_analysis_guard" name="test_deep_analysis_malformed_heuristic_no_500[heur1]" time="5.107" /><testcase classname="tests.test_deep_analysis_guard" name="test_deep_analysis_malformed_heuristic_no_500[heur2]" time="3.156" /><testcase classname="tests.test_deep_analysis_guard" name="test_deep_analysis_malformed_heuristic_no_500[heur3]" time="2.421" /><testcase classname="tests.test_deep_analysis_guard" name="test_deep_analysis_malformed_heuristic_no_500[not-a-dict]" time="3.180" /><testcase classname="tests.test_deep_analysis_guard" name="test_deep_analysis_malformed_heuristic_no_500[None]" time="3.467" /><testcase classname="tests.test_deep_analysis_guard" name="test_deep_analysis_malformed_heuristic_no_500[123]" time="4.656" /><testcase classname="tests.test_deep_analysis_guard" name="test_deep_analysis_valid_heuristic_is_preserved" time="4.722" /><testcase classname="tests.test_deep_analysis_guard" name="test_deep_analysis_requires_auth" time="0.216" /></testsuite></testsuites>