<?xml version="1.0" encoding="utf-8"?><testsuites name="pytest tests"><testsuite name="pytest" errors="0" failures="0" skipped="0" tests="5" time="7.792" timestamp="2026-08-30T08:13:05.277645+00:00" hostname="agent-env-49dd5d60-57a5-4309-98e1-c08658e96758"><testcase classname="tests.test_deep_analysis_persist.TestDeepAnalysisPersistence" name="test_post_requires_auth" time="0.598" /><testcase classname="tests.test_deep_analysis_persist.TestDeepAnalysisPersistence" name="test_post_bad_campaign_404" time="0.051" /><testcase classname="tests.test_deep_analysis_persist.TestDeepAnalysisPersistence" name="test_run_and_persist" time="6.342" /><testcase classname="tests.test_deep_analysis_persist.TestDeepAnalysisPersistence" name="test_report_without_deep_analysis_has_none" time="0.190" /><testcase classname="tests.test_deep_analysis_persist.TestDeepAnalysisPersistence" name="test_report_bad_id_404" time="0.105" /></testsuite></testsuites>