<?xml version="1.0" encoding="utf-8"?><testsuites name="pytest tests"><testsuite name="pytest" errors="0" failures="0" skipped="0" tests="81" time="101.404" timestamp="2026-08-30T10:22:20.543416+00:00" hostname="agent-env-49dd5d60-57a5-4309-98e1-c08658e96758"><testcase classname="tests.test_ai_features.TestRewrite" name="test_requires_auth" time="0.158" /><testcase classname="tests.test_deep_analysis_guard" name="test_deep_analysis_malformed_heuristic_no_500[heur0]" time="4.395" /><testcase classname="tests.test_ai_features.TestRewrite" name="test_rewrite_each_factor[hook]" time="6.070" /><testcase classname="tests.test_deep_analysis_guard" name="test_deep_analysis_malformed_heuristic_no_500[heur1]" time="3.151" /><testcase classname="tests.test_ai_features.TestRewrite" name="test_rewrite_each_factor[emotion]" time="7.525" /><testcase classname="tests.test_deep_analysis_guard" name="test_deep_analysis_malformed_heuristic_no_500[heur2]" time="2.377" /><testcase classname="tests.test_deep_analysis_guard" name="test_deep_analysis_malformed_heuristic_no_500[heur3]" time="3.568" /><testcase classname="tests.test_deep_analysis_guard" name="test_deep_analysis_malformed_heuristic_no_500[not-a-dict]" time="2.142" /><testcase classname="tests.test_ai_features.TestRewrite" name="test_rewrite_each_factor[audience_fit]" time="6.072" /><testcase classname="tests.test_deep_analysis_guard" name="test_deep_analysis_malformed_heuristic_no_500[None]" time="3.067" /><testcase classname="tests.test_deep_analysis_guard" name="test_deep_analysis_malformed_heuristic_no_500[123]" time="3.621" /><testcase classname="tests.test_ai_features.TestRewrite" name="test_rewrite_each_factor[shareability]" time="15.245" /><testcase classname="tests.test_deep_analysis_guard" name="test_deep_analysis_valid_heuristic_is_preserved" time="5.301" /><testcase classname="tests.test_deep_analysis_guard" name="test_deep_analysis_requires_auth" time="0.162" /><testcase classname="tests.backend_test.TestAuth" name="test_demo_login" time="0.111" /><testcase classname="tests.backend_test.TestAuth" name="test_me" time="0.102" /><testcase classname="tests.backend_test.TestAuth" name="test_me_no_token" time="0.093" /><testcase classname="tests.backend_test.TestAuth" name="test_me_bad_token" time="0.120" /><testcase classname="tests.backend_test.TestAuth" name="test_demo_login_via_password" time="0.279" /><testcase classname="tests.backend_test.TestAuth" name="test_register_login_flow" time="0.919" /><testcase classname="tests.backend_test.TestAuth" name="test_register_invalid_email" time="0.059" /><testcase classname="tests.backend_test.TestAuth" name="test_bcrypt_hash_format" time="0.619" /><testcase classname="tests.test_ai_fallback" name="test_deep_analysis_fallback" time="0.001" /><testcase classname="tests.test_ai_fallback" name="test_deep_analysis_llm_error_falls_back" time="0.000" /><testcase classname="tests.test_ai_fallback" name="test_rewrite_fallback_lifts_factor[hook]" time="0.001" /><testcase classname="tests.test_ai_fallback" name="test_rewrite_fallback_lifts_factor[emotion]" time="0.000" /><testcase classname="tests.test_ai_fallback" name="test_rewrite_fallback_lifts_factor[audience_fit]" time="0.000" /><testcase classname="tests.test_ai_fallback" name="test_rewrite_fallback_lifts_factor[shareability]" time="0.000" /><testcase classname="tests.test_ai_fallback" name="test_rewrite_fallback_lifts_factor[platform_fit]" time="0.000" /><testcase classname="tests.test_ai_fallback" name="test_rewrite_llm_error_falls_back" time="0.000" /><testcase classname="tests.backend_test.TestAudiences" name="test_seeded_audiences" time="0.050" /><testcase classname="tests.backend_test.TestAudiences" name="test_audience_crud" time="0.317" /><testcase classname="tests.backend_test.TestAudiences" name="test_update_missing_audience_404" time="0.060" /><testcase classname="tests.backend_test.TestAudiences" name="test_delete_missing_audience_404" time="0.049" /><testcase classname="tests.backend_test.TestAudiences" name="test_refresh_suggestions" time="0.053" /><testcase classname="tests.backend_test.TestAudiences" name="test_audiences_requires_auth" time="0.092" /><testcase classname="tests.test_ai_features.TestDeepAnalysis" name="test_requires_auth" time="0.091" /><testcase classname="tests.test_ai_features.TestDeepAnalysis" name="test_deep_analysis_shape" time="3.953" /><testcase classname="tests.test_ai_features.TestDeepAnalysis" name="test_deep_analysis_without_heuristic_computes_it" time="4.661" /><testcase classname="tests.test_ai_features.TestRewrite" name="test_rewrite_each_factor[platform_fit]" time="9.450" /><testcase classname="tests.test_ai_features.TestDeepAnalysis" name="test_deep_analysis_empty_body_no_500" time="3.590" /><testcase classname="tests.test_ai_features.TestDeepAnalysis" name="test_no_mongo_id_leak" time="3.744" /><testcase classname="tests.test_ai_features.TestRewrite" name="test_rewrite_rescore_is_deterministic" time="4.304" /><testcase classname="tests.test_deep_analysis_persist.TestDeepAnalysisPersistence" name="test_post_requires_auth" time="0.330" /><testcase classname="tests.test_deep_analysis_persist.TestDeepAnalysisPersistence" name="test_post_bad_campaign_404" time="0.056" /><testcase classname="tests.test_deep_analysis_persist.TestDeepAnalysisPersistence" name="test_run_and_persist" time="4.648" /><testcase classname="tests.test_ai_features.TestRewrite" name="test_rewrite_lifts_weak_factor_majority" time="33.728" /><testcase classname="tests.test_deep_analysis_persist.TestDeepAnalysisPersistence" name="test_report_without_deep_analysis_has_none" time="0.225" /><testcase classname="tests.test_deep_analysis_persist.TestDeepAnalysisPersistence" name="test_report_bad_id_404" time="0.115" /><testcase classname="tests.test_iter7_fixes.TestDeepAnalysisComparison" name="test_comparison_always_has_difference_and_agreement[case0]" time="4.057" /><testcase classname="tests.test_iter7_fixes.TestDeepAnalysisComparison" name="test_comparison_always_has_difference_and_agreement[case1]" time="2.890" /><testcase classname="tests.test_iter7_fixes.TestDeepAnalysisComparison" name="test_comparison_always_has_difference_and_agreement[case2]" time="2.770" /><testcase classname="tests.test_iter7_fixes.TestDeepAnalysisComparison" name="test_comparison_always_has_difference_and_agreement[case3]" time="3.765" /><testcase classname="tests.test_iter7_fixes.TestDeepAnalysisComparison" name="test_campaign_deep_analysis_comparison" time="5.561" /><testcase classname="tests.test_iter7_fixes.TestLearningNoteConsistency" name="test_learning_sign_matches_impressions_delta[0-None]" time="0.058" /><testcase classname="tests.test_iter7_fixes.TestLearningNoteConsistency" name="test_learning_sign_matches_impressions_delta[1-real1]" time="0.166" /><testcase classname="tests.test_iter7_fixes.TestLearningNoteConsistency" name="test_learning_sign_matches_impressions_delta[2-real2]" time="0.164" /><testcase classname="tests.test_iter7_fixes.TestLearningNoteConsistency" name="test_learning_sign_matches_impressions_delta[3-real3]" time="0.168" /><testcase classname="tests.test_iter7_fixes.TestLearningNoteConsistency" name="test_resynth_learning_consistent" time="0.513" /><testcase classname="tests.backend_test.TestCampaigns" name="test_campaign_full_loop" time="0.552" /><testcase classname="tests.backend_test.TestCampaigns" name="test_campaign_404s" time="0.251" /><testcase classname="tests.backend_test.TestCampaigns" name="test_seeded_campaigns_exist" time="0.064" /><testcase classname="tests.backend_test.TestCampaigns" name="test_outcome_validation" time="0.159" /><testcase classname="tests.test_iter7_fixes.TestDemoCredentials" name="test_demo_endpoint_returns_token" time="0.188" /><testcase classname="tests.test_iter7_fixes.TestDemoCredentials" name="test_demo_password_login_still_works" time="0.285" /><testcase classname="tests.test_iter7_fixes.TestDemoCredentials" name="test_demo_wrong_password_rejected" time="0.276" /><testcase classname="tests.test_iter7_fixes.TestDemoCredentials" name="test_seeded_demo_data_intact" time="0.592" /><testcase classname="tests.backend_test.TestGenerate" name="test_generate_and_cache" time="0.156" /><testcase classname="tests.backend_test.TestGenerate" name="test_generate_deterministic_score" time="0.105" /><testcase classname="tests.backend_test.TestGenerate" name="test_generate_requires_auth" time="0.101" /><testcase classname="tests.backend_test.TestLeaderboard" name="test_global" time="0.050" /><testcase classname="tests.backend_test.TestLeaderboard" name="test_mine" time="0.057" /><testcase classname="tests.backend_test.TestLeaderboard" name="test_requires_auth" time="0.098" /><testcase classname="tests.backend_test.TestAnalytics" name="test_analytics" time="0.052" /><testcase classname="tests.backend_test.TestAnalytics" name="test_analytics_empty_for_new_user" time="0.333" /><testcase classname="tests.backend_test.TestAnalytics" name="test_requires_auth" time="0.093" /><testcase classname="tests.backend_test.TestHealth" name="test_root" time="0.053" /><testcase classname="tests.backend_test.TestIsolation" name="test_other_user_cannot_read_demo_campaign" time="0.443" /><testcase classname="tests.test_iter7_fixes.TestGenerationCaching" name="test_repeat_generate_is_cached" time="0.722" /><testcase classname="tests.test_ai_features.TestRewrite" name="test_rewrite_unknown_factor_no_500" time="8.194" /><testcase classname="tests.test_ai_features.TestRewrite" name="test_rewrite_empty_payload_no_500" time="10.327" /></testsuite></testsuites>