<?xml version="1.0" encoding="utf-8"?><testsuites name="pytest tests"><testsuite name="pytest" errors="0" failures="0" skipped="0" tests="52" time="99.728" timestamp="2026-08-30T07:50:32.245512+00:00" hostname="agent-env-49dd5d60-57a5-4309-98e1-c08658e96758"><testcase classname="tests.test_ai_features.TestRewrite" name="test_requires_auth" time="0.288" /><testcase classname="tests.backend_test.TestAuth" name="test_demo_login" time="0.240" /><testcase classname="tests.backend_test.TestAuth" name="test_me" time="0.097" /><testcase classname="tests.backend_test.TestAuth" name="test_me_no_token" time="0.101" /><testcase classname="tests.test_ai_features.TestRewrite" name="test_rewrite_each_factor[hook]" time="8.680" /><testcase classname="tests.backend_test.TestAuth" name="test_me_bad_token" time="1.353" /><testcase classname="tests.backend_test.TestAuth" name="test_demo_login_via_password" time="0.275" /><testcase classname="tests.backend_test.TestAuth" name="test_register_login_flow" time="0.932" /><testcase classname="tests.backend_test.TestAuth" name="test_register_invalid_email" time="0.047" /><testcase classname="tests.backend_test.TestAuth" name="test_bcrypt_hash_format" time="0.621" /><testcase classname="tests.test_ai_fallback" name="test_deep_analysis_fallback" time="0.001" /><testcase classname="tests.test_ai_fallback" name="test_deep_analysis_llm_error_falls_back" time="0.000" /><testcase classname="tests.test_ai_fallback" name="test_rewrite_fallback_lifts_factor[hook]" time="0.001" /><testcase classname="tests.test_ai_fallback" name="test_rewrite_fallback_lifts_factor[emotion]" time="0.000" /><testcase classname="tests.test_ai_fallback" name="test_rewrite_fallback_lifts_factor[audience_fit]" time="0.000" /><testcase classname="tests.test_ai_fallback" name="test_rewrite_fallback_lifts_factor[shareability]" time="0.000" /><testcase classname="tests.test_ai_fallback" name="test_rewrite_fallback_lifts_factor[platform_fit]" time="0.001" /><testcase classname="tests.test_ai_fallback" name="test_rewrite_llm_error_falls_back" time="0.000" /><testcase classname="tests.backend_test.TestAudiences" name="test_seeded_audiences" time="0.052" /><testcase classname="tests.backend_test.TestAudiences" name="test_audience_crud" time="0.296" /><testcase classname="tests.backend_test.TestAudiences" name="test_update_missing_audience_404" time="0.048" /><testcase classname="tests.backend_test.TestAudiences" name="test_delete_missing_audience_404" time="0.048" /><testcase classname="tests.backend_test.TestAudiences" name="test_refresh_suggestions" time="0.051" /><testcase classname="tests.backend_test.TestAudiences" name="test_audiences_requires_auth" time="0.110" /><testcase classname="tests.test_ai_features.TestDeepAnalysis" name="test_requires_auth" time="0.120" /><testcase classname="tests.test_ai_features.TestDeepAnalysis" name="test_deep_analysis_shape" time="5.572" /><testcase classname="tests.test_ai_features.TestRewrite" name="test_rewrite_each_factor[emotion]" time="4.431" /><testcase classname="tests.test_ai_features.TestDeepAnalysis" name="test_deep_analysis_without_heuristic_computes_it" time="4.262" /><testcase classname="tests.test_ai_features.TestRewrite" name="test_rewrite_each_factor[audience_fit]" time="9.272" /><testcase classname="tests.test_ai_features.TestDeepAnalysis" name="test_deep_analysis_empty_body_no_500" time="2.572" /><testcase classname="tests.test_ai_features.TestDeepAnalysis" name="test_no_mongo_id_leak" time="3.739" /><testcase classname="tests.backend_test.TestCampaigns" name="test_campaign_full_loop" time="0.560" /><testcase classname="tests.backend_test.TestCampaigns" name="test_campaign_404s" time="0.271" /><testcase classname="tests.backend_test.TestCampaigns" name="test_seeded_campaigns_exist" time="0.050" /><testcase classname="tests.backend_test.TestCampaigns" name="test_outcome_validation" time="0.151" /><testcase classname="tests.backend_test.TestGenerate" name="test_generate_and_cache" time="0.157" /><testcase classname="tests.backend_test.TestGenerate" name="test_generate_deterministic_score" time="0.099" /><testcase classname="tests.backend_test.TestGenerate" name="test_generate_requires_auth" time="0.119" /><testcase classname="tests.backend_test.TestLeaderboard" name="test_global" time="0.053" /><testcase classname="tests.backend_test.TestLeaderboard" name="test_mine" time="0.049" /><testcase classname="tests.backend_test.TestLeaderboard" name="test_requires_auth" time="0.102" /><testcase classname="tests.backend_test.TestAnalytics" name="test_analytics" time="0.051" /><testcase classname="tests.backend_test.TestAnalytics" name="test_analytics_empty_for_new_user" time="0.323" /><testcase classname="tests.backend_test.TestAnalytics" name="test_requires_auth" time="0.116" /><testcase classname="tests.backend_test.TestHealth" name="test_root" time="0.093" /><testcase classname="tests.test_ai_features.TestRewrite" name="test_rewrite_each_factor[shareability]" time="7.783" /><testcase classname="tests.backend_test.TestIsolation" name="test_other_user_cannot_read_demo_campaign" time="0.428" /><testcase classname="tests.test_ai_features.TestRewrite" name="test_rewrite_each_factor[platform_fit]" time="7.488" /><testcase classname="tests.test_ai_features.TestRewrite" name="test_rewrite_rescore_is_deterministic" time="5.743" /><testcase classname="tests.test_ai_features.TestRewrite" name="test_rewrite_lifts_weak_factor_majority" time="33.543" /><testcase classname="tests.test_ai_features.TestRewrite" name="test_rewrite_unknown_factor_no_500" time="9.651" /><testcase classname="tests.test_ai_features.TestRewrite" name="test_rewrite_empty_payload_no_500" time="12.367" /></testsuite></testsuites>