<?xml version="1.0" encoding="utf-8"?><testsuites name="pytest tests"><testsuite name="pytest" errors="0" failures="0" skipped="0" tests="29" time="4.499" timestamp="2026-08-30T07:13:07.626536+00:00" hostname="agent-env-49dd5d60-57a5-4309-98e1-c08658e96758"><testcase classname="tests.backend_test.TestAuth" name="test_demo_login" time="0.233" /><testcase classname="tests.backend_test.TestAudiences" name="test_seeded_audiences" time="0.271" /><testcase classname="tests.backend_test.TestAudiences" name="test_audience_crud" time="0.342" /><testcase classname="tests.backend_test.TestAuth" name="test_me" time="0.160" /><testcase classname="tests.backend_test.TestAuth" name="test_me_no_token" time="0.098" /><testcase classname="tests.backend_test.TestAuth" name="test_me_bad_token" time="0.105" /><testcase classname="tests.backend_test.TestAuth" name="test_demo_login_via_password" time="0.280" /><testcase classname="tests.backend_test.TestAudiences" name="test_update_missing_audience_404" time="0.269" /><testcase classname="tests.backend_test.TestAuth" name="test_register_login_flow" time="1.017" /><testcase classname="tests.backend_test.TestAudiences" name="test_delete_missing_audience_404" time="0.276" /><testcase classname="tests.backend_test.TestAudiences" name="test_refresh_suggestions" time="0.062" /><testcase classname="tests.backend_test.TestAudiences" name="test_audiences_requires_auth" time="0.099" /><testcase classname="tests.backend_test.TestCampaigns" name="test_campaign_full_loop" time="0.995" /><testcase classname="tests.backend_test.TestAuth" name="test_register_invalid_email" time="0.057" /><testcase classname="tests.backend_test.TestAuth" name="test_bcrypt_hash_format" time="0.677" /><testcase classname="tests.backend_test.TestCampaigns" name="test_campaign_404s" time="0.297" /><testcase classname="tests.backend_test.TestCampaigns" name="test_seeded_campaigns_exist" time="0.052" /><testcase classname="tests.backend_test.TestGenerate" name="test_generate_and_cache" time="0.187" /><testcase classname="tests.backend_test.TestCampaigns" name="test_outcome_validation" time="0.201" /><testcase classname="tests.backend_test.TestGenerate" name="test_generate_deterministic_score" time="0.160" /><testcase classname="tests.backend_test.TestLeaderboard" name="test_global" time="0.052" /><testcase classname="tests.backend_test.TestLeaderboard" name="test_mine" time="0.053" /><testcase classname="tests.backend_test.TestLeaderboard" name="test_requires_auth" time="0.161" /><testcase classname="tests.backend_test.TestGenerate" name="test_generate_requires_auth" time="0.155" /><testcase classname="tests.backend_test.TestAnalytics" name="test_analytics" time="0.061" /><testcase classname="tests.backend_test.TestHealth" name="test_root" time="0.050" /><testcase classname="tests.backend_test.TestIsolation" name="test_other_user_cannot_read_demo_campaign" time="0.626" /><testcase classname="tests.backend_test.TestAnalytics" name="test_analytics_empty_for_new_user" time="0.505" /><testcase classname="tests.backend_test.TestAnalytics" name="test_requires_auth" time="0.158" /></testsuite></testsuites>