<?xml version="1.0" encoding="utf-8"?><testsuites name="pytest tests"><testsuite name="pytest" errors="0" failures="0" skipped="0" tests="81" time="86.232" timestamp="2026-08-30T09:48:49.258348+00:00" hostname="agent-env-49dd5d60-57a5-4309-98e1-c08658e96758"><testcase classname="tests.test_ai_features.TestRewrite" name="test_requires_auth" time="0.184" /><testcase classname="tests.test_deep_analysis_guard" name="test_deep_analysis_malformed_heuristic_no_500[heur0]" time="5.084" /><testcase classname="tests.test_ai_features.TestRewrite" name="test_rewrite_each_factor[hook]" time="6.914" /><testcase classname="tests.test_deep_analysis_guard" name="test_deep_analysis_malformed_heuristic_no_500[heur1]" time="3.409" /><testcase classname="tests.test_ai_features.TestRewrite" name="test_rewrite_each_factor[emotion]" time="8.333" /><testcase classname="tests.test_deep_analysis_guard" name="test_deep_analysis_malformed_heuristic_no_500[heur2]" time="3.040" /><testcase classname="tests.test_deep_analysis_guard" name="test_deep_analysis_malformed_heuristic_no_500[heur3]" time="3.718" /><testcase classname="tests.test_deep_analysis_guard" name="test_deep_analysis_malformed_heuristic_no_500[not-a-dict]" time="3.100" /><testcase classname="tests.test_ai_features.TestRewrite" name="test_rewrite_each_factor[audience_fit]" time="6.315" /><testcase classname="tests.test_deep_analysis_guard" name="test_deep_analysis_malformed_heuristic_no_500[None]" time="3.965" /><testcase classname="tests.test_ai_features.TestRewrite" name="test_rewrite_each_factor[shareability]" time="6.711" /><testcase classname="tests.test_deep_analysis_guard" name="test_deep_analysis_malformed_heuristic_no_500[123]" time="3.436" /><testcase classname="tests.test_deep_analysis_guard" name="test_deep_analysis_valid_heuristic_is_preserved" time="4.399" /><testcase classname="tests.test_ai_features.TestRewrite" name="test_rewrite_each_factor[platform_fit]" time="6.869" /><testcase classname="tests.test_deep_analysis_guard" name="test_deep_analysis_requires_auth" time="0.192" /><testcase classname="tests.backend_test.TestAuth" name="test_demo_login" time="0.144" /><testcase classname="tests.backend_test.TestAuth" name="test_me" time="0.100" /><testcase classname="tests.backend_test.TestAuth" name="test_me_no_token" time="0.166" /><testcase classname="tests.backend_test.TestAuth" name="test_me_bad_token" time="0.119" /><testcase classname="tests.backend_test.TestAuth" name="test_demo_login_via_password" time="0.270" /><testcase classname="tests.backend_test.TestAuth" name="test_register_login_flow" time="0.939" /><testcase classname="tests.backend_test.TestAuth" name="test_register_invalid_email" time="0.050" /><testcase classname="tests.backend_test.TestAuth" name="test_bcrypt_hash_format" time="0.611" /><testcase classname="tests.test_ai_fallback" name="test_deep_analysis_fallback" time="0.001" /><testcase classname="tests.test_ai_fallback" name="test_deep_analysis_llm_error_falls_back" time="0.000" /><testcase classname="tests.test_ai_fallback" name="test_rewrite_fallback_lifts_factor[hook]" time="0.001" /><testcase classname="tests.test_ai_fallback" name="test_rewrite_fallback_lifts_factor[emotion]" time="0.000" /><testcase classname="tests.test_ai_fallback" name="test_rewrite_fallback_lifts_factor[audience_fit]" time="0.000" /><testcase classname="tests.test_ai_fallback" name="test_rewrite_fallback_lifts_factor[shareability]" time="0.000" /><testcase classname="tests.test_ai_fallback" name="test_rewrite_fallback_lifts_factor[platform_fit]" time="0.001" /><testcase classname="tests.test_ai_fallback" name="test_rewrite_llm_error_falls_back" time="0.000" /><testcase classname="tests.backend_test.TestAudiences" name="test_seeded_audiences" time="0.047" /><testcase classname="tests.backend_test.TestAudiences" name="test_audience_crud" time="0.279" /><testcase classname="tests.backend_test.TestAudiences" name="test_update_missing_audience_404" time="0.050" /><testcase classname="tests.backend_test.TestAudiences" name="test_delete_missing_audience_404" time="0.047" /><testcase classname="tests.backend_test.TestAudiences" name="test_refresh_suggestions" time="0.048" /><testcase classname="tests.backend_test.TestAudiences" name="test_audiences_requires_auth" time="0.125" /><testcase classname="tests.test_ai_features.TestDeepAnalysis" name="test_requires_auth" time="0.092" /><testcase classname="tests.test_ai_features.TestDeepAnalysis" name="test_deep_analysis_shape" time="4.434" /><testcase classname="tests.test_ai_features.TestRewrite" name="test_rewrite_rescore_is_deterministic" time="4.761" /><testcase classname="tests.test_ai_features.TestDeepAnalysis" name="test_deep_analysis_without_heuristic_computes_it" time="6.091" /><testcase classname="tests.test_ai_features.TestRewrite" name="test_rewrite_lifts_weak_factor_majority" time="30.147" /><testcase classname="tests.test_ai_features.TestDeepAnalysis" name="test_deep_analysis_empty_body_no_500" time="3.288" /><testcase classname="tests.test_ai_features.TestDeepAnalysis" name="test_no_mongo_id_leak" time="3.841" /><testcase classname="tests.test_deep_analysis_persist.TestDeepAnalysisPersistence" name="test_post_requires_auth" time="0.433" /><testcase classname="tests.test_deep_analysis_persist.TestDeepAnalysisPersistence" name="test_post_bad_campaign_404" time="0.068" /><testcase classname="tests.test_deep_analysis_persist.TestDeepAnalysisPersistence" name="test_run_and_persist" time="4.713" /><testcase classname="tests.test_deep_analysis_persist.TestDeepAnalysisPersistence" name="test_report_without_deep_analysis_has_none" time="0.166" /><testcase classname="tests.test_deep_analysis_persist.TestDeepAnalysisPersistence" name="test_report_bad_id_404" time="0.124" /><testcase classname="tests.test_iter7_fixes.TestDeepAnalysisComparison" name="test_comparison_always_has_difference_and_agreement[case0]" time="4.060" /><testcase classname="tests.test_iter7_fixes.TestDeepAnalysisComparison" name="test_comparison_always_has_difference_and_agreement[case1]" time="3.899" /><testcase classname="tests.test_iter7_fixes.TestDeepAnalysisComparison" name="test_comparison_always_has_difference_and_agreement[case2]" time="3.244" /><testcase classname="tests.test_iter7_fixes.TestDeepAnalysisComparison" name="test_comparison_always_has_difference_and_agreement[case3]" time="3.993" /><testcase classname="tests.test_ai_features.TestRewrite" name="test_rewrite_unknown_factor_no_500" time="7.718" /><testcase classname="tests.test_iter7_fixes.TestDeepAnalysisComparison" name="test_campaign_deep_analysis_comparison" time="4.824" /><testcase classname="tests.test_iter7_fixes.TestLearningNoteConsistency" name="test_learning_sign_matches_impressions_delta[0-None]" time="0.055" /><testcase classname="tests.test_iter7_fixes.TestLearningNoteConsistency" name="test_learning_sign_matches_impressions_delta[1-real1]" time="0.193" /><testcase classname="tests.test_iter7_fixes.TestLearningNoteConsistency" name="test_learning_sign_matches_impressions_delta[2-real2]" time="0.182" /><testcase classname="tests.test_iter7_fixes.TestLearningNoteConsistency" name="test_learning_sign_matches_impressions_delta[3-real3]" time="0.228" /><testcase classname="tests.test_iter7_fixes.TestLearningNoteConsistency" name="test_resynth_learning_consistent" time="0.055" /><testcase classname="tests.test_iter7_fixes.TestDemoCredentials" name="test_demo_endpoint_returns_token" time="0.053" /><testcase classname="tests.test_iter7_fixes.TestDemoCredentials" name="test_demo_password_login_still_works" time="0.274" /><testcase classname="tests.test_iter7_fixes.TestDemoCredentials" name="test_demo_wrong_password_rejected" time="0.273" /><testcase classname="tests.test_iter7_fixes.TestDemoCredentials" name="test_seeded_demo_data_intact" time="0.588" /><testcase classname="tests.test_ai_features.TestRewrite" name="test_rewrite_empty_payload_no_500" time="6.742" /><testcase classname="tests.backend_test.TestGenerate" name="test_generate_and_cache" time="0.144" /><testcase classname="tests.backend_test.TestGenerate" name="test_generate_deterministic_score" time="0.099" /><testcase classname="tests.backend_test.TestGenerate" name="test_generate_requires_auth" time="0.101" /><testcase classname="tests.backend_test.TestLeaderboard" name="test_global" time="0.050" /><testcase classname="tests.backend_test.TestLeaderboard" name="test_mine" time="0.051" /><testcase classname="tests.backend_test.TestLeaderboard" name="test_requires_auth" time="0.110" /><testcase classname="tests.backend_test.TestAnalytics" name="test_analytics" time="0.056" /><testcase classname="tests.backend_test.TestAnalytics" name="test_analytics_empty_for_new_user" time="0.323" /><testcase classname="tests.backend_test.TestAnalytics" name="test_requires_auth" time="0.114" /><testcase classname="tests.backend_test.TestHealth" name="test_root" time="0.050" /><testcase classname="tests.backend_test.TestIsolation" name="test_other_user_cannot_read_demo_campaign" time="0.447" /><testcase classname="tests.test_iter7_fixes.TestGenerationCaching" name="test_repeat_generate_is_cached" time="0.638" /><testcase classname="tests.backend_test.TestCampaigns" name="test_campaign_full_loop" time="0.669" /><testcase classname="tests.backend_test.TestCampaigns" name="test_campaign_404s" time="0.260" /><testcase classname="tests.backend_test.TestCampaigns" name="test_seeded_campaigns_exist" time="0.060" /><testcase classname="tests.backend_test.TestCampaigns" name="test_outcome_validation" time="0.157" /></testsuite></testsuites>