<?xml version="1.0" encoding="utf-8"?><testsuites name="pytest tests"><testsuite name="pytest" errors="0" failures="0" skipped="0" tests="66" time="89.582" timestamp="2026-08-30T09:29:00.165183+00:00" hostname="agent-env-49dd5d60-57a5-4309-98e1-c08658e96758"><testcase classname="tests.test_ai_features.TestRewrite" name="test_requires_auth" time="0.290" /><testcase classname="tests.test_deep_analysis_guard" name="test_deep_analysis_malformed_heuristic_no_500[heur0]" time="3.573" /><testcase classname="tests.test_ai_features.TestRewrite" name="test_rewrite_each_factor[hook]" time="7.491" /><testcase classname="tests.test_deep_analysis_guard" name="test_deep_analysis_malformed_heuristic_no_500[heur1]" time="3.118" /><testcase classname="tests.test_deep_analysis_guard" name="test_deep_analysis_malformed_heuristic_no_500[heur2]" time="3.481" /><testcase classname="tests.test_ai_features.TestRewrite" name="test_rewrite_each_factor[emotion]" time="6.979" /><testcase classname="tests.test_deep_analysis_guard" name="test_deep_analysis_malformed_heuristic_no_500[heur3]" time="3.673" /><testcase classname="tests.test_deep_analysis_guard" name="test_deep_analysis_malformed_heuristic_no_500[not-a-dict]" time="3.591" /><testcase classname="tests.test_ai_features.TestRewrite" name="test_rewrite_each_factor[audience_fit]" time="5.033" /><testcase classname="tests.test_deep_analysis_guard" name="test_deep_analysis_malformed_heuristic_no_500[None]" time="3.533" /><testcase classname="tests.test_ai_features.TestRewrite" name="test_rewrite_each_factor[shareability]" time="14.204" /><testcase classname="tests.test_deep_analysis_guard" name="test_deep_analysis_malformed_heuristic_no_500[123]" time="3.766" /><testcase classname="tests.test_deep_analysis_guard" name="test_deep_analysis_valid_heuristic_is_preserved" time="4.775" /><testcase classname="tests.test_deep_analysis_guard" name="test_deep_analysis_requires_auth" time="0.177" /><testcase classname="tests.backend_test.TestAuth" name="test_demo_login" time="0.150" /><testcase classname="tests.backend_test.TestAuth" name="test_me" time="0.113" /><testcase classname="tests.backend_test.TestAuth" name="test_me_no_token" time="0.153" /><testcase classname="tests.backend_test.TestAuth" name="test_me_bad_token" time="0.117" /><testcase classname="tests.backend_test.TestAuth" name="test_demo_login_via_password" time="0.278" /><testcase classname="tests.backend_test.TestAuth" name="test_register_login_flow" time="0.932" /><testcase classname="tests.backend_test.TestAuth" name="test_register_invalid_email" time="0.055" /><testcase classname="tests.backend_test.TestAuth" name="test_bcrypt_hash_format" time="0.622" /><testcase classname="tests.test_ai_fallback" name="test_deep_analysis_fallback" time="0.002" /><testcase classname="tests.test_ai_fallback" name="test_deep_analysis_llm_error_falls_back" time="0.000" /><testcase classname="tests.test_ai_fallback" name="test_rewrite_fallback_lifts_factor[hook]" time="0.001" /><testcase classname="tests.test_ai_fallback" name="test_rewrite_fallback_lifts_factor[emotion]" time="0.000" /><testcase classname="tests.test_ai_fallback" name="test_rewrite_fallback_lifts_factor[audience_fit]" time="0.000" /><testcase classname="tests.test_ai_fallback" name="test_rewrite_fallback_lifts_factor[shareability]" time="0.000" /><testcase classname="tests.test_ai_fallback" name="test_rewrite_fallback_lifts_factor[platform_fit]" time="0.001" /><testcase classname="tests.test_ai_fallback" name="test_rewrite_llm_error_falls_back" time="0.000" /><testcase classname="tests.backend_test.TestAudiences" name="test_seeded_audiences" time="0.057" /><testcase classname="tests.backend_test.TestAudiences" name="test_audience_crud" time="0.325" /><testcase classname="tests.backend_test.TestAudiences" name="test_update_missing_audience_404" time="0.056" /><testcase classname="tests.backend_test.TestAudiences" name="test_delete_missing_audience_404" time="0.055" /><testcase classname="tests.backend_test.TestAudiences" name="test_refresh_suggestions" time="0.055" /><testcase classname="tests.backend_test.TestAudiences" name="test_audiences_requires_auth" time="0.109" /><testcase classname="tests.test_ai_features.TestDeepAnalysis" name="test_requires_auth" time="0.137" /><testcase classname="tests.test_ai_features.TestDeepAnalysis" name="test_deep_analysis_shape" time="4.883" /><testcase classname="tests.test_ai_features.TestRewrite" name="test_rewrite_each_factor[platform_fit]" time="7.794" /><testcase classname="tests.test_ai_features.TestDeepAnalysis" name="test_deep_analysis_without_heuristic_computes_it" time="3.887" /><testcase classname="tests.test_ai_features.TestDeepAnalysis" name="test_deep_analysis_empty_body_no_500" time="3.456" /><testcase classname="tests.test_ai_features.TestRewrite" name="test_rewrite_rescore_is_deterministic" time="7.767" /><testcase classname="tests.test_ai_features.TestDeepAnalysis" name="test_no_mongo_id_leak" time="4.430" /><testcase classname="tests.test_ai_features.TestRewrite" name="test_rewrite_lifts_weak_factor_majority" time="24.850" /><testcase classname="tests.test_deep_analysis_persist.TestDeepAnalysisPersistence" name="test_post_requires_auth" time="0.329" /><testcase classname="tests.test_deep_analysis_persist.TestDeepAnalysisPersistence" name="test_post_bad_campaign_404" time="0.044" /><testcase classname="tests.test_deep_analysis_persist.TestDeepAnalysisPersistence" name="test_run_and_persist" time="4.989" /><testcase classname="tests.test_deep_analysis_persist.TestDeepAnalysisPersistence" name="test_report_without_deep_analysis_has_none" time="0.190" /><testcase classname="tests.test_deep_analysis_persist.TestDeepAnalysisPersistence" name="test_report_bad_id_404" time="0.097" /><testcase classname="tests.backend_test.TestCampaigns" name="test_campaign_full_loop" time="0.560" /><testcase classname="tests.backend_test.TestCampaigns" name="test_campaign_404s" time="0.248" /><testcase classname="tests.backend_test.TestCampaigns" name="test_seeded_campaigns_exist" time="0.055" /><testcase classname="tests.backend_test.TestCampaigns" name="test_outcome_validation" time="0.145" /><testcase classname="tests.backend_test.TestGenerate" name="test_generate_and_cache" time="0.154" /><testcase classname="tests.backend_test.TestGenerate" name="test_generate_deterministic_score" time="0.097" /><testcase classname="tests.backend_test.TestGenerate" name="test_generate_requires_auth" time="0.152" /><testcase classname="tests.backend_test.TestLeaderboard" name="test_global" time="0.046" /><testcase classname="tests.backend_test.TestLeaderboard" name="test_mine" time="0.046" /><testcase classname="tests.backend_test.TestLeaderboard" name="test_requires_auth" time="0.121" /><testcase classname="tests.backend_test.TestAnalytics" name="test_analytics" time="0.047" /><testcase classname="tests.backend_test.TestAnalytics" name="test_analytics_empty_for_new_user" time="0.322" /><testcase classname="tests.backend_test.TestAnalytics" name="test_requires_auth" time="0.093" /><testcase classname="tests.backend_test.TestHealth" name="test_root" time="0.047" /><testcase classname="tests.backend_test.TestIsolation" name="test_other_user_cannot_read_demo_campaign" time="0.423" /><testcase classname="tests.test_ai_features.TestRewrite" name="test_rewrite_unknown_factor_no_500" time="8.269" /><testcase classname="tests.test_ai_features.TestRewrite" name="test_rewrite_empty_payload_no_500" time="6.539" /></testsuite></testsuites>